SF:lib/src/domain/models/book_model.dart
DA:15,1
DA:30,1
DA:31,1
DA:32,1
DA:33,1
DA:34,1
DA:35,1
DA:36,1
DA:37,1
DA:38,1
DA:39,1
DA:40,1
DA:41,1
DA:42,1
DA:43,1
LF:15
LH:15
end_of_record
SF:lib/src/infrastructure/book_api.dart
DA:8,1
DA:9,0
DA:11,1
DA:12,4
DA:14,2
DA:15,2
DA:16,5
DA:18,1
DA:22,1
DA:23,3
DA:25,2
DA:26,2
DA:27,5
DA:29,1
DA:34,1
DA:35,4
DA:37,2
DA:38,3
DA:40,1
LF:19
LH:18
end_of_record
SF:lib/src/UI/pages/home_page.dart
DA:13,1
DA:15,1
DA:16,1
DA:25,1
DA:27,1
DA:28,2
DA:29,1
DA:30,1
DA:33,1
DA:35,2
DA:36,1
DA:39,1
DA:41,1
DA:42,3
DA:43,1
DA:45,1
DA:46,1
DA:47,1
DA:48,1
DA:53,1
DA:55,1
DA:56,1
DA:58,1
DA:60,2
DA:61,4
DA:69,1
DA:70,1
DA:72,1
DA:73,1
DA:77,1
DA:78,1
DA:79,0
DA:82,0
DA:83,0
DA:84,0
DA:87,1
DA:88,1
DA:90,1
DA:91,1
DA:92,3
DA:93,3
DA:94,3
DA:105,0
DA:106,0
DA:107,0
DA:112,0
DA:114,0
DA:116,0
DA:117,0
DA:118,0
DA:119,0
DA:120,0
DA:121,0
DA:122,0
DA:124,0
DA:125,0
DA:126,0
DA:138,1
DA:139,1
DA:140,1
DA:145,1
DA:147,1
DA:148,1
DA:149,0
DA:150,0
DA:151,0
DA:152,0
DA:153,0
DA:154,0
DA:155,0
DA:159,1
DA:160,2
DA:161,2
DA:162,2
DA:170,1
DA:172,1
DA:173,3
DA:174,1
DA:175,5
DA:176,5
DA:177,1
DA:178,0
DA:179,0
DA:180,0
DA:184,1
DA:186,1
DA:187,3
DA:188,1
DA:189,2
DA:190,5
DA:191,5
DA:192,1
DA:193,0
DA:194,0
DA:195,0
DA:199,0
DA:200,0
DA:202,0
DA:203,0
DA:204,0
DA:205,0
DA:206,0
DA:207,0
DA:211,1
DA:212,1
DA:213,0
DA:214,0
DA:215,0
DA:218,1
DA:219,1
DA:220,0
DA:221,0
DA:224,1
DA:225,1
DA:228,1
DA:229,1
DA:230,0
DA:231,0
LF:118
LH:71
end_of_record
SF:lib/src/infrastructure/book_api_provider.dart
DA:5,3
DA:6,0
LF:2
LH:1
end_of_record
SF:lib/src/UI/book_provider.dart
DA:6,3
DA:8,0
DA:9,0
DA:12,1
DA:13,4
DA:16,0
DA:17,0
DA:18,0
DA:21,1
DA:22,2
DA:26,3
DA:27,2
DA:30,4
DA:31,2
LF:14
LH:9
end_of_record
SF:lib/src/UI/widgets/card_detail.dart
DA:8,0
DA:12,0
DA:13,0
DA:14,0
DA:15,0
DA:17,0
DA:19,0
DA:24,0
DA:26,0
DA:27,0
DA:28,0
DA:29,0
DA:38,0
DA:39,0
DA:40,0
DA:41,0
DA:43,0
DA:44,0
DA:45,0
DA:46,0
DA:48,0
DA:49,0
DA:51,0
DA:52,0
DA:54,0
DA:56,0
DA:57,0
DA:58,0
DA:60,0
DA:61,0
DA:66,0
DA:68,0
DA:75,0
DA:76,0
DA:77,0
DA:97,0
DA:98,0
DA:102,0
DA:103,0
DA:107,0
DA:109,0
DA:113,0
DA:115,0
DA:119,0
DA:121,0
DA:127,0
DA:128,0
DA:130,0
DA:131,0
DA:132,0
DA:142,0
DA:144,0
DA:148,0
DA:149,0
DA:162,0
DA:163,0
LF:56
LH:0
end_of_record
SF:lib/src/UI/widgets/card_book.dart
DA:8,1
DA:13,1
DA:15,1
DA:17,1
DA:18,1
DA:19,1
DA:20,1
DA:24,1
DA:26,1
DA:27,1
DA:29,4
DA:30,2
DA:32,1
DA:33,1
DA:35,1
DA:37,1
DA:38,1
DA:39,1
LF:18
LH:18
end_of_record
SF:lib/src/UI/widgets/detail_laber.dart
DA:4,0
DA:7,0
DA:9,0
DA:10,0
DA:12,0
DA:13,0
DA:17,0
DA:19,0
DA:20,0
LF:9
LH:0
end_of_record
